Analysis & Synthesis report for finalProject
Fri Dec 11 08:27:15 2015
Quartus II 64-Bit Version 15.0.0 Build 145 04/22/2015 Patches 0.01we SJ Web Edition


---------------------
; Table of Contents ;
---------------------
  1. Legal Notice
  2. Analysis & Synthesis Summary
  3. Analysis & Synthesis Settings
  4. Parallel Compilation
  5. Analysis & Synthesis Source Files Read
  6. Analysis & Synthesis Resource Usage Summary
  7. Analysis & Synthesis Resource Utilization by Entity
  8. State Machine - |finalProject|State
  9. User-Specified and Inferred Latches
 10. Registers Removed During Synthesis
 11. General Register Statistics
 12. Multiplexer Restructuring Statistics (Restructuring Performed)
 13. Parameter Settings for User Entity Instance: Top-level Entity: |finalProject
 14. Post-Synthesis Netlist Statistics for Top Partition
 15. Elapsed Time Per Partition
 16. Analysis & Synthesis Messages



----------------
; Legal Notice ;
----------------
Copyright (C) 1991-2015 Altera Corporation. All rights reserved.
Your use of Altera Corporation's design tools, logic functions 
and other software and tools, and its AMPP partner logic 
functions, and any output files from any of the foregoing 
(including device programming or simulation files), and any 
associated documentation or information are expressly subject 
to the terms and conditions of the Altera Program License 
Subscription Agreement, the Altera Quartus II License Agreement,
the Altera MegaCore Function License Agreement, or other 
applicable license agreement, including, without limitation, 
that your use is for the sole purpose of programming logic 
devices manufactured by Altera and sold by Altera or its 
authorized distributors.  Please refer to the applicable 
agreement for further details.



+------------------------------------------------------------------------------------------------+
; Analysis & Synthesis Summary                                                                   ;
+------------------------------------+-----------------------------------------------------------+
; Analysis & Synthesis Status        ; Successful - Fri Dec 11 08:27:15 2015                     ;
; Quartus II 64-Bit Version          ; 15.0.0 Build 145 04/22/2015 Patches 0.01we SJ Web Edition ;
; Revision Name                      ; finalProject                                              ;
; Top-level Entity Name              ; finalProject                                              ;
; Family                             ; Cyclone IV E                                              ;
; Total logic elements               ; 118                                                       ;
;     Total combinational functions  ; 118                                                       ;
;     Dedicated logic registers      ; 44                                                        ;
; Total registers                    ; 44                                                        ;
; Total pins                         ; 36                                                        ;
; Total virtual pins                 ; 0                                                         ;
; Total memory bits                  ; 0                                                         ;
; Embedded Multiplier 9-bit elements ; 0                                                         ;
; Total PLLs                         ; 0                                                         ;
+------------------------------------+-----------------------------------------------------------+


+----------------------------------------------------------------------------------------------------------------------+
; Analysis & Synthesis Settings                                                                                        ;
+----------------------------------------------------------------------------+--------------------+--------------------+
; Option                                                                     ; Setting            ; Default Value      ;
+----------------------------------------------------------------------------+--------------------+--------------------+
; Device                                                                     ; EP4CE115F29C7      ;                    ;
; Top-level entity name                                                      ; finalProject       ; finalProject       ;
; Family name                                                                ; Cyclone IV E       ; Cyclone V          ;
; Use smart compilation                                                      ; Off                ; Off                ;
; Enable parallel Assembler and TimeQuest Timing Analyzer during compilation ; On                 ; On                 ;
; Enable compact report table                                                ; Off                ; Off                ;
; Restructure Multiplexers                                                   ; Auto               ; Auto               ;
; Create Debugging Nodes for IP Cores                                        ; Off                ; Off                ;
; Preserve fewer node names                                                  ; On                 ; On                 ;
; Disable OpenCore Plus hardware evaluation                                  ; Off                ; Off                ;
; Verilog Version                                                            ; Verilog_2001       ; Verilog_2001       ;
; VHDL Version                                                               ; VHDL_1993          ; VHDL_1993          ;
; State Machine Processing                                                   ; Auto               ; Auto               ;
; Safe State Machine                                                         ; Off                ; Off                ;
; Extract Verilog State Machines                                             ; On                 ; On                 ;
; Extract VHDL State Machines                                                ; On                 ; On                 ;
; Ignore Verilog initial constructs                                          ; Off                ; Off                ;
; Iteration limit for constant Verilog loops                                 ; 5000               ; 5000               ;
; Iteration limit for non-constant Verilog loops                             ; 250                ; 250                ;
; Add Pass-Through Logic to Inferred RAMs                                    ; On                 ; On                 ;
; Infer RAMs from Raw Logic                                                  ; On                 ; On                 ;
; Parallel Synthesis                                                         ; On                 ; On                 ;
; DSP Block Balancing                                                        ; Auto               ; Auto               ;
; NOT Gate Push-Back                                                         ; On                 ; On                 ;
; Power-Up Don't Care                                                        ; On                 ; On                 ;
; Remove Redundant Logic Cells                                               ; Off                ; Off                ;
; Remove Duplicate Registers                                                 ; On                 ; On                 ;
; Ignore CARRY Buffers                                                       ; Off                ; Off                ;
; Ignore CASCADE Buffers                                                     ; Off                ; Off                ;
; Ignore GLOBAL Buffers                                                      ; Off                ; Off                ;
; Ignore ROW GLOBAL Buffers                                                  ; Off                ; Off                ;
; Ignore LCELL Buffers                                                       ; Off                ; Off                ;
; Ignore SOFT Buffers                                                        ; On                 ; On                 ;
; Limit AHDL Integers to 32 Bits                                             ; Off                ; Off                ;
; Optimization Technique                                                     ; Balanced           ; Balanced           ;
; Carry Chain Length                                                         ; 70                 ; 70                 ;
; Auto Carry Chains                                                          ; On                 ; On                 ;
; Auto Open-Drain Pins                                                       ; On                 ; On                 ;
; Perform WYSIWYG Primitive Resynthesis                                      ; Off                ; Off                ;
; Auto ROM Replacement                                                       ; On                 ; On                 ;
; Auto RAM Replacement                                                       ; On                 ; On                 ;
; Auto DSP Block Replacement                                                 ; On                 ; On                 ;
; Auto Shift Register Replacement                                            ; Auto               ; Auto               ;
; Allow Shift Register Merging across Hierarchies                            ; Auto               ; Auto               ;
; Auto Clock Enable Replacement                                              ; On                 ; On                 ;
; Strict RAM Replacement                                                     ; Off                ; Off                ;
; Allow Synchronous Control Signals                                          ; On                 ; On                 ;
; Force Use of Synchronous Clear Signals                                     ; Off                ; Off                ;
; Auto RAM Block Balancing                                                   ; On                 ; On                 ;
; Auto RAM to Logic Cell Conversion                                          ; Off                ; Off                ;
; Auto Resource Sharing                                                      ; Off                ; Off                ;
; Allow Any RAM Size For Recognition                                         ; Off                ; Off                ;
; Allow Any ROM Size For Recognition                                         ; Off                ; Off                ;
; Allow Any Shift Register Size For Recognition                              ; Off                ; Off                ;
; Use LogicLock Constraints during Resource Balancing                        ; On                 ; On                 ;
; Ignore translate_off and synthesis_off directives                          ; Off                ; Off                ;
; Timing-Driven Synthesis                                                    ; On                 ; On                 ;
; Report Parameter Settings                                                  ; On                 ; On                 ;
; Report Source Assignments                                                  ; On                 ; On                 ;
; Report Connectivity Checks                                                 ; On                 ; On                 ;
; Ignore Maximum Fan-Out Assignments                                         ; Off                ; Off                ;
; Synchronization Register Chain Length                                      ; 2                  ; 2                  ;
; PowerPlay Power Optimization During Synthesis                              ; Normal compilation ; Normal compilation ;
; HDL message level                                                          ; Level2             ; Level2             ;
; Suppress Register Optimization Related Messages                            ; Off                ; Off                ;
; Number of Removed Registers Reported in Synthesis Report                   ; 5000               ; 5000               ;
; Number of Swept Nodes Reported in Synthesis Report                         ; 5000               ; 5000               ;
; Number of Inverted Registers Reported in Synthesis Report                  ; 100                ; 100                ;
; Clock MUX Protection                                                       ; On                 ; On                 ;
; Auto Gated Clock Conversion                                                ; Off                ; Off                ;
; Block Design Naming                                                        ; Auto               ; Auto               ;
; SDC constraint protection                                                  ; Off                ; Off                ;
; Synthesis Effort                                                           ; Auto               ; Auto               ;
; Shift Register Replacement - Allow Asynchronous Clear Signal               ; On                 ; On                 ;
; Pre-Mapping Resynthesis Optimization                                       ; Off                ; Off                ;
; Analysis & Synthesis Message Level                                         ; Medium             ; Medium             ;
; Disable Register Merging Across Hierarchies                                ; Auto               ; Auto               ;
; Resource Aware Inference For Block RAM                                     ; On                 ; On                 ;
; Synthesis Seed                                                             ; 1                  ; 1                  ;
+----------------------------------------------------------------------------+--------------------+--------------------+


Parallel compilation was disabled, but you have multiple processors available. Enable parallel compilation to reduce compilation time.
+-------------------------------------+
; Parallel Compilation                ;
+----------------------------+--------+
; Processors                 ; Number ;
+----------------------------+--------+
; Number detected on machine ; 8      ;
; Maximum allowed            ; 1      ;
+----------------------------+--------+


+--------------------------------------------------------------------------------------------------------------------------------------------------------------------------------------------------------------+
; Analysis & Synthesis Source Files Read                                                                                                                                                                       ;
+----------------------------------+-----------------+------------------------+----------------------------------------------------------------------------------------------------------------------+---------+
; File Name with User-Entered Path ; Used in Netlist ; File Type              ; File Name with Absolute Path                                                                                         ; Library ;
+----------------------------------+-----------------+------------------------+----------------------------------------------------------------------------------------------------------------------+---------+
; finalProject.v                   ; yes             ; User Verilog HDL File  ; C:/Users/eperez/Desktop/ESP 120615/ECE 287/Final Project/Quartus Files/attempt7/attempt7/FinalProject/finalProject.v ;         ;
+----------------------------------+-----------------+------------------------+----------------------------------------------------------------------------------------------------------------------+---------+


+---------------------------------------------------------+
; Analysis & Synthesis Resource Usage Summary             ;
+---------------------------------------------+-----------+
; Resource                                    ; Usage     ;
+---------------------------------------------+-----------+
; Estimated Total logic elements              ; 118       ;
;                                             ;           ;
; Total combinational functions               ; 118       ;
; Logic element usage by number of LUT inputs ;           ;
;     -- 4 input functions                    ; 51        ;
;     -- 3 input functions                    ; 28        ;
;     -- <=2 input functions                  ; 39        ;
;                                             ;           ;
; Logic elements by mode                      ;           ;
;     -- normal mode                          ; 93        ;
;     -- arithmetic mode                      ; 25        ;
;                                             ;           ;
; Total registers                             ; 44        ;
;     -- Dedicated logic registers            ; 44        ;
;     -- I/O registers                        ; 0         ;
;                                             ;           ;
; I/O pins                                    ; 36        ;
;                                             ;           ;
; Embedded Multiplier 9-bit elements          ; 0         ;
;                                             ;           ;
; Maximum fan-out node                        ; clk~input ;
; Maximum fan-out                             ; 44        ;
; Total fan-out                               ; 552       ;
; Average fan-out                             ; 2.36      ;
+---------------------------------------------+-----------+


+-----------------------------------------------------------------------------------------------------------------------------------------------------------------------------+
; Analysis & Synthesis Resource Utilization by Entity                                                                                                                         ;
+----------------------------+-------------------+--------------+-------------+--------------+---------+-----------+------+--------------+---------------------+--------------+
; Compilation Hierarchy Node ; LC Combinationals ; LC Registers ; Memory Bits ; DSP Elements ; DSP 9x9 ; DSP 18x18 ; Pins ; Virtual Pins ; Full Hierarchy Name ; Library Name ;
+----------------------------+-------------------+--------------+-------------+--------------+---------+-----------+------+--------------+---------------------+--------------+
; |finalProject              ; 118 (118)         ; 44 (44)      ; 0           ; 0            ; 0       ; 0         ; 36   ; 0            ; |finalProject       ; work         ;
+----------------------------+-------------------+--------------+-------------+--------------+---------+-----------+------+--------------+---------------------+--------------+
Note: For table entries with two numbers listed, the numbers in parentheses indicate the number of resources of the given type used by the specific entity alone. The numbers listed outside of parentheses indicate the total resources of the given type used by the specific entity and all of its sub-entities in the hierarchy.


Encoding Type:  One-Hot
+-----------------------------------------------------------------------------------------+
; State Machine - |finalProject|State                                                     ;
+---------+---------+---------+---------+---------+---------+---------+---------+---------+
; Name    ; State.H ; State.G ; State.F ; State.E ; State.D ; State.C ; State.B ; State.A ;
+---------+---------+---------+---------+---------+---------+---------+---------+---------+
; State.A ; 0       ; 0       ; 0       ; 0       ; 0       ; 0       ; 0       ; 0       ;
; State.B ; 0       ; 0       ; 0       ; 0       ; 0       ; 0       ; 1       ; 1       ;
; State.C ; 0       ; 0       ; 0       ; 0       ; 0       ; 1       ; 0       ; 1       ;
; State.D ; 0       ; 0       ; 0       ; 0       ; 1       ; 0       ; 0       ; 1       ;
; State.E ; 0       ; 0       ; 0       ; 1       ; 0       ; 0       ; 0       ; 1       ;
; State.F ; 0       ; 0       ; 1       ; 0       ; 0       ; 0       ; 0       ; 1       ;
; State.G ; 0       ; 1       ; 0       ; 0       ; 0       ; 0       ; 0       ; 1       ;
; State.H ; 1       ; 0       ; 0       ; 0       ; 0       ; 0       ; 0       ; 1       ;
+---------+---------+---------+---------+---------+---------+---------+---------+---------+


+---------------------------------------------------------------------------------------------------+
; User-Specified and Inferred Latches                                                               ;
+----------------------------------------------------+---------------------+------------------------+
; Latch Name                                         ; Latch Enable Signal ; Free of Timing Hazards ;
+----------------------------------------------------+---------------------+------------------------+
; length[0]                                          ; WideOr2             ; yes                    ;
; length[2]                                          ; WideOr2             ; yes                    ;
; length[1]                                          ; WideOr2             ; yes                    ;
; M[5]                                               ; WideOr2             ; yes                    ;
; M[4]                                               ; WideOr2             ; yes                    ;
; M[3]                                               ; WideOr2             ; yes                    ;
; M[2]                                               ; WideOr2             ; yes                    ;
; M[1]                                               ; WideOr2             ; yes                    ;
; M[0]                                               ; WideOr2             ; yes                    ;
; Number of user-specified and inferred latches = 9  ;                     ;                        ;
+----------------------------------------------------+---------------------+------------------------+
Note: All latches listed above may not be present at the end of synthesis due to various synthesis optimizations.


+------------------------------------------------------------+
; Registers Removed During Synthesis                         ;
+---------------------------------------+--------------------+
; Register name                         ; Reason for Removal ;
+---------------------------------------+--------------------+
; State~9                               ; Lost fanout        ;
; State~10                              ; Lost fanout        ;
; State~11                              ; Lost fanout        ;
; Total Number of Removed Registers = 3 ;                    ;
+---------------------------------------+--------------------+


+------------------------------------------------------+
; General Register Statistics                          ;
+----------------------------------------------+-------+
; Statistic                                    ; Value ;
+----------------------------------------------+-------+
; Total registers                              ; 44    ;
; Number of registers using Synchronous Clear  ; 26    ;
; Number of registers using Synchronous Load   ; 0     ;
; Number of registers using Asynchronous Clear ; 0     ;
; Number of registers using Asynchronous Load  ; 0     ;
; Number of registers using Clock Enable       ; 17    ;
; Number of registers using Preset             ; 0     ;
+----------------------------------------------+-------+


+------------------------------------------------------------------------------------------------------------------------------------------+
; Multiplexer Restructuring Statistics (Restructuring Performed)                                                                           ;
+--------------------+-----------+---------------+----------------------+------------------------+------------+----------------------------+
; Multiplexer Inputs ; Bus Width ; Baseline Area ; Area if Restructured ; Saving if Restructured ; Registered ; Example Multiplexer Output ;
+--------------------+-----------+---------------+----------------------+------------------------+------------+----------------------------+
; 3:1                ; 8 bits    ; 16 LEs        ; 8 LEs                ; 8 LEs                  ; Yes        ; |finalProject|counter[2]   ;
+--------------------+-----------+---------------+----------------------+------------------------+------------+----------------------------+


+------------------------------------------------------------------------------+
; Parameter Settings for User Entity Instance: Top-level Entity: |finalProject ;
+----------------+--------+----------------------------------------------------+
; Parameter Name ; Value  ; Type                                               ;
+----------------+--------+----------------------------------------------------+
; Aa             ; 000000 ; Unsigned Binary                                    ;
; Ba             ; 000001 ; Unsigned Binary                                    ;
; Ca             ; 000010 ; Unsigned Binary                                    ;
; Da             ; 000011 ; Unsigned Binary                                    ;
; Ea             ; 000100 ; Unsigned Binary                                    ;
; Fa             ; 000101 ; Unsigned Binary                                    ;
; Ga             ; 000110 ; Unsigned Binary                                    ;
; Ha             ; 000111 ; Unsigned Binary                                    ;
; Ia             ; 001000 ; Unsigned Binary                                    ;
; Ja             ; 001001 ; Unsigned Binary                                    ;
; Ka             ; 001010 ; Unsigned Binary                                    ;
; La             ; 001011 ; Unsigned Binary                                    ;
; Ma             ; 001100 ; Unsigned Binary                                    ;
; Na             ; 001101 ; Unsigned Binary                                    ;
; Oa             ; 001110 ; Unsigned Binary                                    ;
; Pa             ; 001111 ; Unsigned Binary                                    ;
; Qa             ; 010000 ; Unsigned Binary                                    ;
; Ra             ; 010001 ; Unsigned Binary                                    ;
; Sa             ; 010010 ; Unsigned Binary                                    ;
; Ta             ; 010011 ; Unsigned Binary                                    ;
; Ua             ; 010100 ; Unsigned Binary                                    ;
; Va             ; 010101 ; Unsigned Binary                                    ;
; Wa             ; 010110 ; Unsigned Binary                                    ;
; Xa             ; 010111 ; Unsigned Binary                                    ;
; Ya             ; 011000 ; Unsigned Binary                                    ;
; Za             ; 011001 ; Unsigned Binary                                    ;
; Zero           ; 011010 ; Unsigned Binary                                    ;
; One            ; 011011 ; Unsigned Binary                                    ;
; Two            ; 011100 ; Unsigned Binary                                    ;
; Three          ; 011101 ; Unsigned Binary                                    ;
; Four           ; 011110 ; Unsigned Binary                                    ;
; Five           ; 011111 ; Unsigned Binary                                    ;
; Six            ; 100000 ; Unsigned Binary                                    ;
; Seven          ; 100001 ; Unsigned Binary                                    ;
; Eight          ; 100010 ; Unsigned Binary                                    ;
; Nine           ; 100011 ; Unsigned Binary                                    ;
; Period         ; 100100 ; Unsigned Binary                                    ;
; Comma          ; 100101 ; Unsigned Binary                                    ;
; Question       ; 100110 ; Unsigned Binary                                    ;
; A              ; 000    ; Unsigned Binary                                    ;
; B              ; 001    ; Unsigned Binary                                    ;
; C              ; 010    ; Unsigned Binary                                    ;
; D              ; 011    ; Unsigned Binary                                    ;
; E              ; 100    ; Unsigned Binary                                    ;
; F              ; 101    ; Unsigned Binary                                    ;
; G              ; 110    ; Unsigned Binary                                    ;
; H              ; 111    ; Unsigned Binary                                    ;
+----------------+--------+----------------------------------------------------+
Note: In order to hide this table in the UI and the text report file, please set the "Show Parameter Settings in Synthesis Report" option in "Analysis and Synthesis Settings -> More Settings" to "Off".


+-----------------------------------------------------+
; Post-Synthesis Netlist Statistics for Top Partition ;
+-----------------------+-----------------------------+
; Type                  ; Count                       ;
+-----------------------+-----------------------------+
; boundary_port         ; 36                          ;
; cycloneiii_ff         ; 44                          ;
;     ENA               ; 17                          ;
;     SCLR              ; 26                          ;
;     plain             ; 1                           ;
; cycloneiii_lcell_comb ; 121                         ;
;     arith             ; 25                          ;
;         2 data inputs ; 25                          ;
;     normal            ; 96                          ;
;         0 data inputs ; 1                           ;
;         1 data inputs ; 3                           ;
;         2 data inputs ; 13                          ;
;         3 data inputs ; 28                          ;
;         4 data inputs ; 51                          ;
;                       ;                             ;
; Max LUT depth         ; 4.00                        ;
; Average LUT depth     ; 2.97                        ;
+-----------------------+-----------------------------+


+-------------------------------+
; Elapsed Time Per Partition    ;
+----------------+--------------+
; Partition Name ; Elapsed Time ;
+----------------+--------------+
; Top            ; 00:00:05     ;
+----------------+--------------+


+-------------------------------+
; Analysis & Synthesis Messages ;
+-------------------------------+
Info: *******************************************************************
Info: Running Quartus II 64-Bit Analysis & Synthesis
    Info: Version 15.0.0 Build 145 04/22/2015 Patches 0.01we SJ Web Edition
    Info: Processing started: Fri Dec 11 08:26:15 2015
Info: Command: quartus_map --read_settings_files=on --write_settings_files=off finalProject -c finalProject
Warning (20028): Parallel compilation is not licensed and has been disabled
Info (12021): Found 1 design units, including 1 entities, in source file finalproject.v
    Info (12023): Found entity 1: finalProject
Info (12127): Elaborating entity "finalProject" for the top level hierarchy
Warning (10230): Verilog HDL assignment warning at finalProject.v(84): truncated value with size 32 to match size of target (26)
Warning (10230): Verilog HDL assignment warning at finalProject.v(102): truncated value with size 32 to match size of target (4)
Warning (10270): Verilog HDL Case Statement warning at finalProject.v(188): incomplete case statement has no default case item
Warning (10240): Verilog HDL Always Construct warning at finalProject.v(186): inferring latch(es) for variable "length", which holds its previous value in one or more paths through the always construct
Warning (10240): Verilog HDL Always Construct warning at finalProject.v(186): inferring latch(es) for variable "M", which holds its previous value in one or more paths through the always construct
Info (10264): Verilog HDL Case Statement information at finalProject.v(352): all case item expressions in this case statement are onehot
Warning (10034): Output port "h00" at finalProject.v(12) has no driver
Warning (10034): Output port "h01" at finalProject.v(12) has no driver
Warning (10034): Output port "h02" at finalProject.v(12) has no driver
Warning (10034): Output port "h03" at finalProject.v(12) has no driver
Warning (10034): Output port "h04" at finalProject.v(12) has no driver
Warning (10034): Output port "h05" at finalProject.v(12) has no driver
Warning (10034): Output port "h06" at finalProject.v(12) has no driver
Info (10041): Inferred latch for "M[0]" at finalProject.v(186)
Info (10041): Inferred latch for "M[1]" at finalProject.v(186)
Info (10041): Inferred latch for "M[2]" at finalProject.v(186)
Info (10041): Inferred latch for "M[3]" at finalProject.v(186)
Info (10041): Inferred latch for "M[4]" at finalProject.v(186)
Info (10041): Inferred latch for "M[5]" at finalProject.v(186)
Info (10041): Inferred latch for "length[0]" at finalProject.v(186)
Info (10041): Inferred latch for "length[1]" at finalProject.v(186)
Info (10041): Inferred latch for "length[2]" at finalProject.v(186)
Info (10041): Inferred latch for "length[3]" at finalProject.v(186)
Warning (13012): Latch length[0] has unsafe behavior
    Warning (13013): Ports D and ENA on the latch are fed by the same signal sw[5]
Warning (13012): Latch length[2] has unsafe behavior
    Warning (13013): Ports D and ENA on the latch are fed by the same signal sw[5]
Warning (13012): Latch length[1] has unsafe behavior
    Warning (13013): Ports D and ENA on the latch are fed by the same signal sw[5]
Warning (13012): Latch M[5] has unsafe behavior
    Warning (13013): Ports D and ENA on the latch are fed by the same signal sw[4]
Warning (13012): Latch M[4] has unsafe behavior
    Warning (13013): Ports D and ENA on the latch are fed by the same signal sw[4]
Warning (13012): Latch M[3] has unsafe behavior
    Warning (13013): Ports D and ENA on the latch are fed by the same signal sw[5]
Warning (13012): Latch M[2] has unsafe behavior
    Warning (13013): Ports D and ENA on the latch are fed by the same signal sw[0]
Warning (13012): Latch M[1] has unsafe behavior
    Warning (13013): Ports D and ENA on the latch are fed by the same signal sw[4]
Warning (13012): Latch M[0] has unsafe behavior
    Warning (13013): Ports D and ENA on the latch are fed by the same signal sw[0]
Warning (13024): Output pins are stuck at VCC or GND
    Warning (13410): Pin "h00" is stuck at GND
    Warning (13410): Pin "h01" is stuck at GND
    Warning (13410): Pin "h02" is stuck at GND
    Warning (13410): Pin "h03" is stuck at GND
    Warning (13410): Pin "h04" is stuck at GND
    Warning (13410): Pin "h05" is stuck at GND
    Warning (13410): Pin "h06" is stuck at GND
Info (286030): Timing-Driven Synthesis is running
Info (17049): 3 registers lost all their fanouts during netlist optimizations.
Info (16010): Generating hard_block partition "hard_block:auto_generated_inst"
    Info (16011): Adding 0 node(s), including 0 DDIO, 0 PLL, 0 transceiver and 0 LCELL
Info (21057): Implemented 156 device resources after synthesis - the final resource count might be different
    Info (21058): Implemented 9 input pins
    Info (21059): Implemented 27 output pins
    Info (21061): Implemented 120 logic cells
Info: Quartus II 64-Bit Analysis & Synthesis was successful. 0 errors, 39 warnings
    Info: Peak virtual memory: 671 megabytes
    Info: Processing ended: Fri Dec 11 08:27:15 2015
    Info: Elapsed time: 00:01:00
    Info: Total CPU time (on all processors): 00:02:22


